Determining if the pthread_create exist failed with the following output:
Change Dir: /home/lee/git/FixEverything/Rhynos/linux-build/CMakeFiles/CMakeTmp

Run Build Command:"/usr/bin/make" "cmTC_750af/fast"
/usr/bin/make -f CMakeFiles/cmTC_750af.dir/build.make CMakeFiles/cmTC_750af.dir/build
make[1]: Entering directory '/home/lee/git/FixEverything/Rhynos/linux-build/CMakeFiles/CMakeTmp'
Building C object CMakeFiles/cmTC_750af.dir/CheckSymbolExists.c.o
/usr/bin/cc    -std=c99 -std=gnu99 -fPIC    -o CMakeFiles/cmTC_750af.dir/CheckSymbolExists.c.o   -c /home/lee/git/FixEverything/Rhynos/linux-build/CMakeFiles/CMakeTmp/CheckSymbolExists.c
Linking C executable cmTC_750af
/usr/bin/cmake -E cmake_link_script CMakeFiles/cmTC_750af.dir/link.txt --verbose=1
/usr/bin/cc   -std=c99 -std=gnu99 -fPIC     CMakeFiles/cmTC_750af.dir/CheckSymbolExists.c.o  -o cmTC_750af -rdynamic 
CMakeFiles/cmTC_750af.dir/CheckSymbolExists.c.o: In function `main':
CheckSymbolExists.c:(.text+0x1b): undefined reference to `pthread_create'
collect2: error: ld returned 1 exit status
make[1]: *** [CMakeFiles/cmTC_750af.dir/build.make:98: cmTC_750af] Error 1
make[1]: Leaving directory '/home/lee/git/FixEverything/Rhynos/linux-build/CMakeFiles/CMakeTmp'
make: *** [Makefile:126: cmTC_750af/fast] Error 2

File /home/lee/git/FixEverything/Rhynos/linux-build/CMakeFiles/CMakeTmp/CheckSymbolExists.c:
/* */
#include <pthread.h>

int main(int argc, char** argv)
{
  (void)argv;
#ifndef pthread_create
  return ((int*)(&pthread_create))[argc];
#else
  (void)argc;
  return 0;
#endif
}

Determining if the function pthread_create exists in the pthreads failed with the following output:
Change Dir: /home/lee/git/FixEverything/Rhynos/linux-build/CMakeFiles/CMakeTmp

Run Build Command:"/usr/bin/make" "cmTC_14981/fast"
/usr/bin/make -f CMakeFiles/cmTC_14981.dir/build.make CMakeFiles/cmTC_14981.dir/build
make[1]: Entering directory '/home/lee/git/FixEverything/Rhynos/linux-build/CMakeFiles/CMakeTmp'
Building C object CMakeFiles/cmTC_14981.dir/CheckFunctionExists.c.o
/usr/bin/cc    -std=c99 -std=gnu99 -fPIC -DCHECK_FUNCTION_EXISTS=pthread_create   -o CMakeFiles/cmTC_14981.dir/CheckFunctionExists.c.o   -c /usr/share/cmake-3.7/Modules/CheckFunctionExists.c
Linking C executable cmTC_14981
/usr/bin/cmake -E cmake_link_script CMakeFiles/cmTC_14981.dir/link.txt --verbose=1
/usr/bin/cc   -std=c99 -std=gnu99 -fPIC -DCHECK_FUNCTION_EXISTS=pthread_create    CMakeFiles/cmTC_14981.dir/CheckFunctionExists.c.o  -o cmTC_14981 -rdynamic -lpthreads 
/usr/bin/ld: cannot find -lpthreads
collect2: error: ld returned 1 exit status
make[1]: *** [CMakeFiles/cmTC_14981.dir/build.make:98: cmTC_14981] Error 1
make[1]: Leaving directory '/home/lee/git/FixEverything/Rhynos/linux-build/CMakeFiles/CMakeTmp'
make: *** [Makefile:126: cmTC_14981/fast] Error 2


